<?xml version="1.0" encoding="UTF-8"?>
<testng-results skipped="0" failed="0" ignored="0" total="3" passed="3">
  <reporter-output>
  </reporter-output>
  <suite name="Default suite" duration-ms="110787" started-at="2021-11-29T15:54:44 IST" finished-at="2021-11-29T15:56:35 IST">
    <groups>
    </groups>
    <test name="Default test" duration-ms="110787" started-at="2021-11-29T15:54:44 IST" finished-at="2021-11-29T15:56:35 IST">
      <class name="Test1.Landing_Page">
        <test-method status="PASS" signature="initialCode()[pri:0, instance:Test1.Landing_Page@1442d7b5]" name="initialCode" is-config="true" duration-ms="16314" started-at="2021-11-29T15:54:44 IST" finished-at="2021-11-29T15:55:01 IST">
          <reporter-output>
          </reporter-output>
        </test-method> <!-- initialCode -->
        <test-method status="PASS" signature="Login_Val()[pri:1, instance:Test1.Landing_Page@1442d7b5]" name="Login_Val" duration-ms="46462" started-at="2021-11-29T15:55:01 IST" finished-at="2021-11-29T15:55:47 IST">
          <reporter-output>
          </reporter-output>
        </test-method> <!-- Login_Val -->
        <test-method status="PASS" signature="initialCode()[pri:0, instance:Test1.Landing_Page@1442d7b5]" name="initialCode" is-config="true" duration-ms="9915" started-at="2021-11-29T15:55:47 IST" finished-at="2021-11-29T15:55:57 IST">
          <reporter-output>
          </reporter-output>
        </test-method> <!-- initialCode -->
        <test-method status="PASS" signature="Gmail_Login()[pri:2, instance:Test1.Landing_Page@1442d7b5]" name="Gmail_Login" duration-ms="11543" started-at="2021-11-29T15:55:57 IST" finished-at="2021-11-29T15:56:09 IST">
          <reporter-output>
          </reporter-output>
        </test-method> <!-- Gmail_Login -->
        <test-method status="PASS" signature="initialCode()[pri:0, instance:Test1.Landing_Page@1442d7b5]" name="initialCode" is-config="true" duration-ms="16624" started-at="2021-11-29T15:56:09 IST" finished-at="2021-11-29T15:56:25 IST">
          <reporter-output>
          </reporter-output>
        </test-method> <!-- initialCode -->
        <test-method status="PASS" signature="Social_Login()[pri:3, instance:Test1.Landing_Page@1442d7b5]" name="Social_Login" duration-ms="5673" started-at="2021-11-29T15:56:25 IST" finished-at="2021-11-29T15:56:31 IST">
          <reporter-output>
          </reporter-output>
        </test-method> <!-- Social_Login -->
        <test-method status="PASS" signature="closeBrowser()[pri:0, instance:Test1.Landing_Page@1442d7b5]" name="closeBrowser" is-config="true" duration-ms="4183" started-at="2021-11-29T15:56:31 IST" finished-at="2021-11-29T15:56:35 IST">
          <reporter-output>
          </reporter-output>
        </test-method> <!-- closeBrowser -->
      </class> <!-- Test1.Landing_Page -->
    </test> <!-- Default test -->
  </suite> <!-- Default suite -->
</testng-results>
