<?xml version="1.0" encoding="UTF-8"?>
<!-- Generated by org.testng.reporters.JUnitXMLReporter -->
<testsuite hostname="DESKTOP-5FF0PJM" ignored="0" name="Default test" tests="3" failures="0" timestamp="2021-11-29T15:56:36 IST" time="110.787" errors="0">
  <testcase name="Login_Val" time="46.462" classname="Test1.Landing_Page"/>
  <testcase name="Gmail_Login" time="11.543" classname="Test1.Landing_Page"/>
  <testcase name="Social_Login" time="5.673" classname="Test1.Landing_Page"/>
</testsuite> <!-- Default test -->
